{"name": "test_demo1", "status": "broken", "statusDetails": {"message": "selenium.common.exceptions.TimeoutException: Message: \nStacktrace:\nNoSuchElementError: An element could not be located on the page using the given search parameters.\n    at AndroidUiautomator2Driver.findElOrEls (C:\\Users\\lokesh_gorantla\\node_modules\\appium-uiautomator2-driver\\node_modules\\appium-android-driver\\lib\\commands\\find.js:75:11)\n    at processTicksAndRejections (node:internal/process/task_queues:95:5)\n    at AndroidUiautomator2Driver.findElOrElsWithProcessing (C:\\Users\\lokesh_gorantla\\node_modules\\@appium\\base-driver\\lib\\basedriver\\commands\\find.ts:60:12)\n    at AndroidUiautomator2Driver.findElement (C:\\Users\\lokesh_gorantla\\node_modules\\@appium\\base-driver\\lib\\basedriver\\commands\\find.ts:75:12)", "trace": "@pytest.mark.usefixtures(\"adding_screenshot_Fail\")\n    def test_demo1():\n        if driver.find_element(AppiumBy.XPATH, '//android.widget.Button[@text=\"Continue\"]').is_displayed():\n            driver.find_element(AppiumBy.XPATH, '//android.widget.Button[@text=\"Continue\"]').click()\n            wait = WebDriverWait(driver, 10)\n            el1 = wait.until(EC.presence_of_element_located((AppiumBy.ID, \"android:id/button1\")))\n            el1.click()\n    \n        wait1 = WebDriverWait(driver, 10, poll_frequency=1,\n                              ignored_exceptions=[ElementNotVisibleException, NoSuchElementException])\n        el2 = wait1.until(EC.presence_of_element_located((AppiumBy.XPATH, \"//android.widget.TextView[@text='App']\")))\n        el2.click()\n    \n        el3 = wait1.until(\n            EC.presence_of_element_located((AppiumBy.XPATH, \"//android.widget.TextView[@text='Alert Dialogs']\")))\n        el3.click()\n    \n>       el4 = wait1.until(EC.presence_of_element_located((AppiumBy.XPATH, \"//android.widget.Button[@text='OK Cancel dialog \"\n                                                                          \"with a message1']\")))\n\ntest_appiumintegration.py:59: \n_ _ _ _ _ _ _ _ _ _ _ _ _ _ _ _ _ _ _ _ _ _ _ _ _ _ _ _ _ _ _ _ _ _ _ _ _ _ _ _ _ _ _ _ _ _ _ _ _ _ _ _ _ _ _ _ _ _ _ _ _ _ _ _ _ _ _ _ _ _ _ _ _ _ _ _ _ _ _\n\nself = <selenium.webdriver.support.wait.WebDriverWait (session=\"b10f515b-a4e3-470a-8b60-5a18d1aaf4c0\")>\nmethod = <function presence_of_element_located.<locals>._predicate at 0x0000015F13667060>, message = ''\n\n    def until(self, method, message: str = \"\"):\n        \"\"\"Calls the method provided with the driver as an argument until the \\\n        return value does not evaluate to ``False``.\n    \n        :param method: callable(WebDriver)\n        :param message: optional message for :exc:`TimeoutException`\n        :returns: the result of the last call to `method`\n        :raises: :exc:`selenium.common.exceptions.TimeoutException` if timeout occurs\n        \"\"\"\n        screen = None\n        stacktrace = None\n    \n        end_time = time.monotonic() + self._timeout\n        while True:\n            try:\n                value = method(self._driver)\n                if value:\n                    return value\n            except self._ignored_exceptions as exc:\n                screen = getattr(exc, \"screen\", None)\n                stacktrace = getattr(exc, \"stacktrace\", None)\n            time.sleep(self._poll)\n            if time.monotonic() > end_time:\n                break\n>       raise TimeoutException(message, screen, stacktrace)\nE       selenium.common.exceptions.TimeoutException: Message: \nE       Stacktrace:\nE       NoSuchElementError: An element could not be located on the page using the given search parameters.\nE           at AndroidUiautomator2Driver.findElOrEls (C:\\Users\\lokesh_gorantla\\node_modules\\appium-uiautomator2-driver\\node_modules\\appium-android-driver\\lib\\commands\\find.js:75:11)\nE           at processTicksAndRejections (node:internal/process/task_queues:95:5)\nE           at AndroidUiautomator2Driver.findElOrElsWithProcessing (C:\\Users\\lokesh_gorantla\\node_modules\\@appium\\base-driver\\lib\\basedriver\\commands\\find.ts:60:12)\nE           at AndroidUiautomator2Driver.findElement (C:\\Users\\lokesh_gorantla\\node_modules\\@appium\\base-driver\\lib\\basedriver\\commands\\find.ts:75:12)\n\nvenv\\Lib\\site-packages\\selenium\\webdriver\\support\\wait.py:95: TimeoutException"}, "start": 1699270274436, "stop": 1699270291829, "uuid": "abc1c52f-4e01-4ba7-9b2c-e3adcc340f8a", "historyId": "d7e2a8866d45bab0f667cda2acfb1775", "testCaseId": "d7e2a8866d45bab0f667cda2acfb1775", "fullName": "test_appiumintegration#test_demo1", "labels": [{"name": "tag", "value": "@pytest.mark.usefixtures('adding_screenshot_Fail')"}, {"name": "suite", "value": "test_appiumintegration"}, {"name": "host", "value": "DESKTOP-4U27L9N"}, {"name": "thread", "value": "14640-MainThread"}, {"name": "framework", "value": "pytest"}, {"name": "language", "value": "cpython3"}, {"name": "package", "value": "test_appiumintegration"}]}